[INFO ] 2020-05-12 15:08:38.870 [main] Log4jGoogle - Launching Browser
[INFO ] 2020-05-12 15:08:48.764 [main] Log4jGoogle - Browser Launched
[INFO ] 2020-05-12 15:08:49.940 [main] Log4jGoogle - Browser Window Maximized
[INFO ] 2020-05-12 15:08:51.352 [main] Log4jGoogle - Screenshot Taken
[INFO ] 2020-08-20 12:04:57.771 [main] Log4jAlertRediff - Launching Browser
[INFO ] 2020-08-20 12:05:01.038 [main] Log4jAlertRediff - Launching URL
[INFO ] 2020-08-20 12:05:03.968 [main] Log4jAlertRediff - Maximizing Browser
[INFO ] 2020-08-20 12:05:06.997 [main] Log4jAlertRediff - Clicking on Sign In Button
[INFO ] 2020-08-20 12:05:07.743 [main] Log4jAlertRediff - Switching To Alert
[INFO ] 2020-08-20 12:05:08.755 [main] Log4jAlertRediff - Clicking on OK Button
[INFO ] 2020-08-24 11:48:29.175 [main] Log4jAlertRediff - Launching Browser
[INFO ] 2020-08-24 11:48:40.318 [main] Log4jAlertRediff - Launching URL
[INFO ] 2020-08-24 11:48:44.876 [main] Log4jAlertRediff - Maximizing Browser
[INFO ] 2020-08-24 11:48:46.457 [main] Log4jAlertRediff - Clicking on Sign In Button
[INFO ] 2020-08-24 11:48:46.722 [main] Log4jAlertRediff - Switching To Alert
[INFO ] 2020-08-24 11:48:47.755 [main] Log4jAlertRediff - Clicking on OK Button
[INFO ] 2020-08-24 11:49:25.555 [main] Log4jAlertRediff - Launching Browser
[INFO ] 2020-08-24 11:49:37.038 [main] Log4jAlertRediff - Launching URL
[INFO ] 2020-08-24 11:49:41.492 [main] Log4jAlertRediff - Maximizing Browser
[INFO ] 2020-08-24 11:49:42.663 [main] Log4jAlertRediff - Clicking on Sign In Button
[INFO ] 2020-08-24 11:49:42.743 [main] Log4jAlertRediff - Switching To Alert
[INFO ] 2020-08-24 11:49:43.749 [main] Log4jAlertRediff - Clicking on OK Button
[INFO ] 2020-08-26 09:52:09.176 [main] Log4jAlertRediff - Launching Browser
[INFO ] 2020-08-26 09:52:27.838 [main] Log4jAlertRediff - Launching URL
[INFO ] 2020-08-26 09:52:28.549 [main] Log4jAlertRediff - Maximizing Browser
[INFO ] 2020-08-26 09:52:32.417 [main] Log4jAlertRediff - Clicking on Sign In Button
[INFO ] 2020-08-26 09:52:37.089 [main] Log4jAlertRediff - Switching To Alert
[INFO ] 2020-08-26 09:52:38.110 [main] Log4jAlertRediff - Clicking on OK Button
[INFO ] 2020-08-26 09:53:39.059 [main] Log4jAlertRediff - Launching Browser
[INFO ] 2020-08-26 09:53:43.397 [main] Log4jAlertRediff - Launching URL
[INFO ] 2020-08-26 09:53:44.250 [main] Log4jAlertRediff - Maximizing Browser
[INFO ] 2020-08-26 09:57:29.035 [main] Log4jAlertRediff - Launching Browser
[INFO ] 2020-08-26 09:57:32.270 [main] Log4jAlertRediff - Launching URL
[INFO ] 2020-08-26 09:57:33.852 [main] Log4jAlertRediff - Maximizing Browser
[INFO ] 2020-08-26 09:57:35.007 [main] Log4jAlertRediff - Clicking on Sign In Button
[INFO ] 2020-08-26 09:57:35.102 [main] Log4jAlertRediff - Switching To Alert
[INFO ] 2020-08-26 09:57:36.107 [main] Log4jAlertRediff - Clicking on OK Button
[INFO ] 2020-08-27 09:43:18.531 [main] Log4jAlertRediff - Launching Browser
[INFO ] 2020-08-27 09:43:24.201 [main] Log4jAlertRediff - Launching URL
[INFO ] 2020-08-27 09:43:24.344 [main] Log4jAlertRediff - Maximizing Browser
[INFO ] 2021-06-01 16:04:27.422 [main] Log4jAlertRediff - Launching Browser
